
ROM used:   64/65536 (0%)
            64/65536 (0%) including unused fragments

            0.1 Average locations per line
            6.4 Average locations per statement

RAM used:   4/3968 (0%) at main() level
            7/3968 (0%) worst case

Stack used: 0 worst case (0 in main + 0 for interrupts)
Stack size: 31

Lines Stmts  %   Files
----- ----- ---  -----
   28    10 100  main.c
  834     0   0  ..\..\..\Program Files (x86)\PICC\devices\18F4620.h
----- -----
  862    10 Total

Page ROM  %  RAM   Vol Diff  Functions:
---- --- --- ---   --- ----  ----------
0     60  47    0   238  2.8  main
 Inline         0             @cinit1

Program metrics:
    Functions               1
    Statements              10
    Comments                161
    Volume (V)              240
    Difficulty (D)          2.7
    Effort to implement (E) 637
    Time to implement (T)   1 minutes
    Est Delivered Bugs (B)  0
    Cyclomatic Complexity   1
    Maintainability (MI)    141

 Segment     Used  Free
-----------  ----  ----
00000-00002     4  0  
00004-0FFFE    60  65472  



