CCS PCH C Compiler, Version 5.012, 41559               07-abr.-18 00:03

               Filename:   C:\embebidos\4G_1_Pract2\PruebaDePractica.X\build\default\production\main.lst

               ROM used:   64 bytes (0%)
                           Largest free fragment is 65472
               RAM used:   4 (0%) at main() level
                           7 (0%) worst case
               Stack used: 0 locations
               Stack size: 31

*
00000:  GOTO   0004
.................... /*  
....................  * File:   Calculadora 8 bits 
....................  * Author: Equipo 1 4G 
....................  * 
....................  * Created on 27 de marzo de 2018, 07:36 PM 
....................  */ 
....................  
.................... #include <18F4620.h> 
.................... ///////////// Standard Header file for the PIC18F4620 device //////////////// 
.................... /////////////////////////////////////////////////////////////////////////// 
.................... ////        (C) Copyright 1996, 2013 Custom Computer Services          //// 
.................... //// This source code may only be used by licensed users of the CCS C  //// 
.................... //// compiler.  This source code may only be distributed to other      //// 
.................... //// licensed users of the CCS C compiler.  No other use, reproduction //// 
.................... //// or distribution is permitted without written permission.          //// 
.................... //// Derivative programs created using this software in object code    //// 
.................... //// form are not restricted in any way.                               //// 
.................... /////////////////////////////////////////////////////////////////////////// 
.................... #device PIC18F4620 
....................  
.................... #list 
....................  
.................... #fuses HS, NOFCMEN, NOIESO, PUT, NOBROWNOUT, NOWDT 
.................... #fuses NOPBADEN, NOMCLR, STVREN, NOLVP, NODEBUG 
.................... #use delay(clock=16000000) 
....................  
....................  
.................... void main (void){ 
00004:  CLRF   FF8
00006:  BCF    FD0.7
00008:  MOVF   FC1,W
0000A:  ANDLW  C0
0000C:  IORLW  0F
0000E:  MOVWF  FC1
00010:  MOVLW  07
00012:  MOVWF  FB4
....................    setup_oscillator(OSC_16MHZ); 
00014:  MOVLW  60
00016:  MOVWF  FD3
00018:  MOVLW  40
0001A:  MOVWF  F9B
0001C:  MOVF   FD3,W
....................    set_tris_a(0x00); 
0001E:  MOVLW  00
00020:  MOVWF  F92
....................    set_tris_b(0xF0); 
00022:  MOVLW  F0
00024:  MOVWF  F93
....................    set_tris_c(0xFF); 
00026:  MOVLW  FF
00028:  MOVWF  F94
....................    set_tris_d(0xFF); 
0002A:  MOVWF  F95
....................    set_tris_e(0x00); 
0002C:  BCF    F96.0
0002E:  BCF    F96.1
00030:  BCF    F96.2
00032:  BCF    F96.3
....................     
....................    unsigned int resultado = 0x00, opcion, complemento1; 
00034:  CLRF   05
....................  
....................    while(1){ 
....................       opcion = (long)input_b();         
00036:  SETF   F93
00038:  MOVFF  F81,06
0003C:  BRA    0036
....................     } 
.................... } 
0003E:  SLEEP 

Configuration Fuses:
   Word  1: 0200   HS NOFCMEN NOIESO
   Word  2: 1E18   PUT NOBROWNOUT BORV21 NOWDT WDT32768
   Word  3: 0500   CCP2C1 NOPBADEN LPT1OSC NOMCLR
   Word  4: 0081   STVREN NOLVP NOXINST NODEBUG
   Word  5: C00F   NOPROTECT NOCPB NOCPD
   Word  6: E00F   NOWRT NOWRTC NOWRTB NOWRTD
   Word  7: 400F   NOEBTR NOEBTRB
